<?xml version="1.0" encoding="UTF-8"?>
<!-- Generated by org.testng.reporters.JUnitXMLReporter -->
<testsuite hostname="harshit" ignored="3" name="Test" tests="2" failures="2" timestamp="16 May 2020 22:51:59 GMT" time="23.102" errors="0">
  <testcase name="createWork" time="22.314" classname="test.TESTActitimeCreateWork">
    <failure type="java.lang.NullPointerException">
      <![CDATA[java.lang.NullPointerException
at org.openqa.selenium.support.pagefactory.internal.LocatingElementHandler.invoke(LocatingElementHandler.java:51)
at com.sun.proxy.$Proxy7.sendKeys(Unknown Source)
at pom.POMActitimeLoginPage.loginMethod(POMActitimeLoginPage.java:34)
at test.TESTActitimeCreateWork.createWork(TESTActitimeCreateWork.java:27)
at java.util.concurrent.ThreadPoolExecutor.runWorker(ThreadPoolExecutor.java:1149)
at java.util.concurrent.ThreadPoolExecutor$Worker.run(ThreadPoolExecutor.java:624)
at java.lang.Thread.run(Thread.java:748)
... Removed 14 stack frames]]>
    </failure>
  </testcase> <!-- createWork -->
  <testcase name="login" time="23.05" classname="test.TESTActitimeLogin">
    <failure type="java.lang.NullPointerException">
      <![CDATA[java.lang.NullPointerException
at org.openqa.selenium.support.pagefactory.internal.LocatingElementHandler.invoke(LocatingElementHandler.java:51)
at com.sun.proxy.$Proxy7.sendKeys(Unknown Source)
at pom.POMActitimeLoginPage.loginMethod(POMActitimeLoginPage.java:34)
at test.TESTActitimeLogin.login(TESTActitimeLogin.java:23)
at java.util.concurrent.ThreadPoolExecutor.runWorker(ThreadPoolExecutor.java:1149)
at java.util.concurrent.ThreadPoolExecutor$Worker.run(ThreadPoolExecutor.java:624)
at java.lang.Thread.run(Thread.java:748)
... Removed 14 stack frames]]>
    </failure>
  </testcase> <!-- login -->
  <testcase name="createProject" time="0.0" classname="test.TESTActitimeCreateProject">
    <ignored/>
  </testcase> <!-- createProject -->
  <testcase name="createCustomer" time="0.0" classname="test.TESTActitimeCreateCustomer">
    <ignored/>
  </testcase> <!-- createCustomer -->
  <testcase name="createLeave" time="0.0" classname="test.TESTActitimeCreateLeave">
    <ignored/>
  </testcase> <!-- createLeave -->
</testsuite> <!-- Test -->
