<?xml version="1.0" encoding="UTF-8"?>
<testng-results skipped="0" failed="2" ignored="3" total="5" passed="0">
  <reporter-output>
  </reporter-output>
  <suite name="Suite" duration-ms="23102" started-at="2020-05-16T22:51:36Z" finished-at="2020-05-16T22:51:59Z">
    <groups>
      <group name="Regression">
        <method signature="TESTActitimeCreateWork.createWork()[pri:0, instance:test.TESTActitimeCreateWork@15d0c81b]" name="createWork" class="test.TESTActitimeCreateWork"/>
        <method signature="TESTActitimeLogin.login()[pri:0, instance:test.TESTActitimeLogin@6acdbdf5]" name="login" class="test.TESTActitimeLogin"/>
      </group> <!-- Regression -->
    </groups>
    <test name="Test" duration-ms="23102" started-at="2020-05-16T22:51:36Z" finished-at="2020-05-16T22:51:59Z">
      <class name="test.TESTActitimeLogin">
        <test-method status="FAIL" signature="login()[pri:0, instance:test.TESTActitimeLogin@6acdbdf5]" name="login" duration-ms="23050" started-at="2020-05-16T22:51:36Z" finished-at="2020-05-16T22:51:59Z">
          <exception class="java.lang.NullPointerException">
            <full-stacktrace>
              <![CDATA[java.lang.NullPointerException
at sun.reflect.NativeMethodAccessorImpl.invoke0(Native Method)
at sun.reflect.NativeMethodAccessorImpl.invoke(NativeMethodAccessorImpl.java:62)
at sun.reflect.DelegatingMethodAccessorImpl.invoke(DelegatingMethodAccessorImpl.java:43)
at java.lang.reflect.Method.invoke(Method.java:498)
at org.openqa.selenium.support.pagefactory.internal.LocatingElementHandler.invoke(LocatingElementHandler.java:51)
at com.sun.proxy.$Proxy7.sendKeys(Unknown Source)
at pom.POMActitimeLoginPage.loginMethod(POMActitimeLoginPage.java:34)
at test.TESTActitimeLogin.login(TESTActitimeLogin.java:23)
at sun.reflect.NativeMethodAccessorImpl.invoke0(Native Method)
at sun.reflect.NativeMethodAccessorImpl.invoke(NativeMethodAccessorImpl.java:62)
at sun.reflect.DelegatingMethodAccessorImpl.invoke(DelegatingMethodAccessorImpl.java:43)
at java.lang.reflect.Method.invoke(Method.java:498)
at org.testng.internal.MethodInvocationHelper.invokeMethod(MethodInvocationHelper.java:124)
at org.testng.internal.Invoker.invokeMethod(Invoker.java:583)
at org.testng.internal.Invoker.invokeTestMethod(Invoker.java:719)
at org.testng.internal.Invoker.invokeTestMethods(Invoker.java:989)
at org.testng.internal.TestMethodWorker.invokeTestMethods(TestMethodWorker.java:125)
at org.testng.internal.TestMethodWorker.run(TestMethodWorker.java:109)
at java.util.concurrent.ThreadPoolExecutor.runWorker(ThreadPoolExecutor.java:1149)
at java.util.concurrent.ThreadPoolExecutor$Worker.run(ThreadPoolExecutor.java:624)
at java.lang.Thread.run(Thread.java:748)
]]>
            </full-stacktrace>
          </exception> <!-- java.lang.NullPointerException -->
          <reporter-output>
          </reporter-output>
        </test-method> <!-- login -->
      </class> <!-- test.TESTActitimeLogin -->
      <class name="test.TESTActitimeCreateWork">
        <test-method status="FAIL" signature="createWork()[pri:0, instance:test.TESTActitimeCreateWork@15d0c81b]" name="createWork" duration-ms="22314" started-at="2020-05-16T22:51:36Z" finished-at="2020-05-16T22:51:58Z">
          <exception class="java.lang.NullPointerException">
            <full-stacktrace>
              <![CDATA[java.lang.NullPointerException
at sun.reflect.NativeMethodAccessorImpl.invoke0(Native Method)
at sun.reflect.NativeMethodAccessorImpl.invoke(NativeMethodAccessorImpl.java:62)
at sun.reflect.DelegatingMethodAccessorImpl.invoke(DelegatingMethodAccessorImpl.java:43)
at java.lang.reflect.Method.invoke(Method.java:498)
at org.openqa.selenium.support.pagefactory.internal.LocatingElementHandler.invoke(LocatingElementHandler.java:51)
at com.sun.proxy.$Proxy7.sendKeys(Unknown Source)
at pom.POMActitimeLoginPage.loginMethod(POMActitimeLoginPage.java:34)
at test.TESTActitimeCreateWork.createWork(TESTActitimeCreateWork.java:27)
at sun.reflect.NativeMethodAccessorImpl.invoke0(Native Method)
at sun.reflect.NativeMethodAccessorImpl.invoke(NativeMethodAccessorImpl.java:62)
at sun.reflect.DelegatingMethodAccessorImpl.invoke(DelegatingMethodAccessorImpl.java:43)
at java.lang.reflect.Method.invoke(Method.java:498)
at org.testng.internal.MethodInvocationHelper.invokeMethod(MethodInvocationHelper.java:124)
at org.testng.internal.Invoker.invokeMethod(Invoker.java:583)
at org.testng.internal.Invoker.invokeTestMethod(Invoker.java:719)
at org.testng.internal.Invoker.invokeTestMethods(Invoker.java:989)
at org.testng.internal.TestMethodWorker.invokeTestMethods(TestMethodWorker.java:125)
at org.testng.internal.TestMethodWorker.run(TestMethodWorker.java:109)
at java.util.concurrent.ThreadPoolExecutor.runWorker(ThreadPoolExecutor.java:1149)
at java.util.concurrent.ThreadPoolExecutor$Worker.run(ThreadPoolExecutor.java:624)
at java.lang.Thread.run(Thread.java:748)
]]>
            </full-stacktrace>
          </exception> <!-- java.lang.NullPointerException -->
          <reporter-output>
          </reporter-output>
        </test-method> <!-- createWork -->
      </class> <!-- test.TESTActitimeCreateWork -->
    </test> <!-- Test -->
  </suite> <!-- Suite -->
</testng-results>
